2025-08-12 14:16:31,923 - INFO - Attempting to place a MARKET BUY order for 0.002 BTCUSDT.
2025-08-12 14:16:32,555 - INFO - Successfully placed market order.
2025-08-12 14:16:32,555 - INFO - Order Details: {'orderId': 5572694631, 'symbol': 'BTCUSDT', 'status': 'NEW', 'clientOrderId': 'x-Cb7ytekJ8eb200ebae5efb4c792b65', 'price': '0.00', 'avgPrice': '0.00', 'origQty': '0.002', 'executedQty': '0.000', 'cumQty': '0.000', 'cumQuote': '0.00000', 'timeInForce': 'GTC', 'type': 'MARKET', 'reduceOnly': False, 'closePosition': False, 'side': 'BUY', 'positionSide': 'BOTH', 'stopPrice': '0.00', 'workingType': 'CONTRACT_PRICE', 'priceProtect': False, 'origType': 'MARKET', 'priceMatch': 'NONE', 'selfTradePreventionMode': 'EXPIRE_MAKER', 'goodTillDate': 0, 'updateTime': 1754988392498}
2025-08-12 14:17:09,295 - INFO - Attempting to place a MARKET BUY order for 0.002 BTCUSDT.
2025-08-12 14:17:09,846 - INFO - Successfully placed market order.
2025-08-12 14:17:09,847 - INFO - Order Details: {'orderId': 5572698051, 'symbol': 'BTCUSDT', 'status': 'NEW', 'clientOrderId': 'x-Cb7ytekJ8bd2dc525daab2abb0f7c0', 'price': '0.00', 'avgPrice': '0.00', 'origQty': '0.002', 'executedQty': '0.000', 'cumQty': '0.000', 'cumQuote': '0.00000', 'timeInForce': 'GTC', 'type': 'MARKET', 'reduceOnly': False, 'closePosition': False, 'side': 'BUY', 'positionSide': 'BOTH', 'stopPrice': '0.00', 'workingType': 'CONTRACT_PRICE', 'priceProtect': False, 'origType': 'MARKET', 'priceMatch': 'NONE', 'selfTradePreventionMode': 'EXPIRE_MAKER', 'goodTillDate': 0, 'updateTime': 1754988429773}
2025-08-12 14:17:38,705 - INFO - Attempting to place a MARKET BUY order for 0.002 BTCUSDT.
2025-08-12 14:17:39,997 - INFO - Successfully placed market order.
2025-08-12 14:17:39,997 - INFO - Order Details: {'orderId': 5572698888, 'symbol': 'BTCUSDT', 'status': 'NEW', 'clientOrderId': 'x-Cb7ytekJ6d20fe6aa3092046994b24', 'price': '0.00', 'avgPrice': '0.00', 'origQty': '0.002', 'executedQty': '0.000', 'cumQty': '0.000', 'cumQuote': '0.00000', 'timeInForce': 'GTC', 'type': 'MARKET', 'reduceOnly': False, 'closePosition': False, 'side': 'BUY', 'positionSide': 'BOTH', 'stopPrice': '0.00', 'workingType': 'CONTRACT_PRICE', 'priceProtect': False, 'origType': 'MARKET', 'priceMatch': 'NONE', 'selfTradePreventionMode': 'EXPIRE_MAKER', 'goodTillDate': 0, 'updateTime': 1754988459945}
2025-08-12 14:17:45,220 - INFO - Attempting to place a LIMIT SELL order for 0.002 BTCUSDT at price 115000.0.
2025-08-12 14:17:45,436 - INFO - Successfully placed limit order.
2025-08-12 14:17:45,437 - INFO - Order Details: {'orderId': 5572699094, 'symbol': 'BTCUSDT', 'status': 'NEW', 'clientOrderId': 'x-Cb7ytekJ182fe38c27ac2df7ffc99', 'price': '115000.00', 'avgPrice': '0.00', 'origQty': '0.002', 'executedQty': '0.000', 'cumQty': '0.000', 'cumQuote': '0.00000', 'timeInForce': 'GTC', 'type': 'LIMIT', 'reduceOnly': False, 'closePosition': False, 'side': 'SELL', 'positionSide': 'BOTH', 'stopPrice': '0.00', 'workingType': 'CONTRACT_PRICE', 'priceProtect': False, 'origType': 'LIMIT', 'priceMatch': 'NONE', 'selfTradePreventionMode': 'EXPIRE_MAKER', 'goodTillDate': 0, 'updateTime': 1754988465386}
2025-08-12 14:17:50,736 - INFO - Attempting to place a STOP-LIMIT SELL order for 0.002 BTCUSDT with stop price 99500.0 and limit price 99000.0.
2025-08-12 14:17:50,974 - INFO - Successfully placed stop-limit order.
2025-08-12 14:17:50,974 - INFO - Order Details: {'orderId': 5572699766, 'symbol': 'BTCUSDT', 'status': 'NEW', 'clientOrderId': 'x-Cb7ytekJ32ce0199e31a1c5da64991', 'price': '99000.00', 'avgPrice': '0.00', 'origQty': '0.002', 'executedQty': '0.000', 'cumQty': '0.000', 'cumQuote': '0.00000', 'timeInForce': 'GTC', 'type': 'STOP', 'reduceOnly': False, 'closePosition': False, 'side': 'SELL', 'positionSide': 'BOTH', 'stopPrice': '99500.00', 'workingType': 'CONTRACT_PRICE', 'priceProtect': False, 'origType': 'STOP', 'priceMatch': 'NONE', 'selfTradePreventionMode': 'EXPIRE_MAKER', 'goodTillDate': 0, 'updateTime': 1754988470926}
2025-08-12 14:17:58,315 - INFO - Starting TWAP BUY order for 0.006 BTCUSDT over 3 minutes.
2025-08-12 14:17:58,316 - INFO - Placing 3 orders of 0.00200000 BTCUSDT each.
2025-08-12 14:17:58,316 - INFO - Placing TWAP chunk 1/3...
2025-08-12 14:17:58,316 - INFO - Attempting to place a MARKET BUY order for 0.002 BTCUSDT.
2025-08-12 14:17:58,530 - INFO - Successfully placed market order.
2025-08-12 14:17:58,531 - INFO - Order Details: {'orderId': 5572701521, 'symbol': 'BTCUSDT', 'status': 'NEW', 'clientOrderId': 'x-Cb7ytekJa414d67f38117838209f1e', 'price': '0.00', 'avgPrice': '0.00', 'origQty': '0.002', 'executedQty': '0.000', 'cumQty': '0.000', 'cumQuote': '0.00000', 'timeInForce': 'GTC', 'type': 'MARKET', 'reduceOnly': False, 'closePosition': False, 'side': 'BUY', 'positionSide': 'BOTH', 'stopPrice': '0.00', 'workingType': 'CONTRACT_PRICE', 'priceProtect': False, 'origType': 'MARKET', 'priceMatch': 'NONE', 'selfTradePreventionMode': 'EXPIRE_MAKER', 'goodTillDate': 0, 'updateTime': 1754988478474}
2025-08-12 14:17:58,531 - INFO - Waiting 60 seconds until the next chunk.
2025-08-12 14:18:58,536 - INFO - Placing TWAP chunk 2/3...
2025-08-12 14:18:58,539 - INFO - Attempting to place a MARKET BUY order for 0.002 BTCUSDT.
2025-08-12 14:18:58,728 - INFO - Successfully placed market order.
2025-08-12 14:18:58,729 - INFO - Order Details: {'orderId': 5572705261, 'symbol': 'BTCUSDT', 'status': 'NEW', 'clientOrderId': 'x-Cb7ytekJ87b3d8690e3cbe13515585', 'price': '0.00', 'avgPrice': '0.00', 'origQty': '0.002', 'executedQty': '0.000', 'cumQty': '0.000', 'cumQuote': '0.00000', 'timeInForce': 'GTC', 'type': 'MARKET', 'reduceOnly': False, 'closePosition': False, 'side': 'BUY', 'positionSide': 'BOTH', 'stopPrice': '0.00', 'workingType': 'CONTRACT_PRICE', 'priceProtect': False, 'origType': 'MARKET', 'priceMatch': 'NONE', 'selfTradePreventionMode': 'EXPIRE_MAKER', 'goodTillDate': 0, 'updateTime': 1754988538675}
2025-08-12 14:18:58,729 - INFO - Waiting 60 seconds until the next chunk.
2025-08-12 14:19:58,733 - INFO - Placing TWAP chunk 3/3...
2025-08-12 14:19:58,735 - INFO - Attempting to place a MARKET BUY order for 0.002 BTCUSDT.
2025-08-12 14:19:58,925 - INFO - Successfully placed market order.
2025-08-12 14:19:58,925 - INFO - Order Details: {'orderId': 5572708604, 'symbol': 'BTCUSDT', 'status': 'NEW', 'clientOrderId': 'x-Cb7ytekJ5a95fee01f106c5c29505b', 'price': '0.00', 'avgPrice': '0.00', 'origQty': '0.002', 'executedQty': '0.000', 'cumQty': '0.000', 'cumQuote': '0.00000', 'timeInForce': 'GTC', 'type': 'MARKET', 'reduceOnly': False, 'closePosition': False, 'side': 'BUY', 'positionSide': 'BOTH', 'stopPrice': '0.00', 'workingType': 'CONTRACT_PRICE', 'priceProtect': False, 'origType': 'MARKET', 'priceMatch': 'NONE', 'selfTradePreventionMode': 'EXPIRE_MAKER', 'goodTillDate': 0, 'updateTime': 1754988598871}
2025-08-12 14:19:58,925 - INFO - TWAP strategy completed successfully.
